{"C:\\Users\\Jaya Krishna Sai\\Downloads\\Projects\\SSP_AWS\\SSP_Front_End\\backend\\models\\task.js": {"path":"C:\\Users\\Jaya Krishna Sai\\Downloads\\Projects\\SSP_AWS\\SSP_Front_End\\backend\\models\\task.js","statementMap":{"0":{"start":{"line":1,"column":17},"end":{"line":1,"column":36}},"1":{"start":{"line":3,"column":19},"end":{"line":3,"column":27}},"2":{"start":{"line":5,"column":19},"end":{"line":23,"column":1}},"3":{"start":{"line":25,"column":0},"end":{"line":25,"column":52}}},"fnMap":{},"branchMap":{},"s":{"0":1,"1":1,"2":1,"3":1},"f":{},"b":{},"_coverageSchema":"1a1c01bbd47fc00a2c39e90264f33305004495a9","hash":"c244876d6638643c7855e7f6382fe736386bd7d7"}
,"C:\\Users\\Jaya Krishna Sai\\Downloads\\Projects\\SSP_AWS\\SSP_Front_End\\backend\\routes\\courses.js": {"path":"C:\\Users\\Jaya Krishna Sai\\Downloads\\Projects\\SSP_AWS\\SSP_Front_End\\backend\\routes\\courses.js","statementMap":{"0":{"start":{"line":1,"column":17},"end":{"line":1,"column":36}},"1":{"start":{"line":2,"column":16},"end":{"line":2,"column":34}},"2":{"start":{"line":4,"column":13},"end":{"line":4,"column":38}},"3":{"start":{"line":6,"column":15},"end":{"line":6,"column":31}},"4":{"start":{"line":9,"column":18},"end":{"line":9,"column":40}},"5":{"start":{"line":10,"column":4},"end":{"line":10,"column":34}},"6":{"start":{"line":11,"column":4},"end":{"line":11,"column":17}},"7":{"start":{"line":15,"column":36},"end":{"line":15,"column":43}},"8":{"start":{"line":17,"column":4},"end":{"line":19,"column":5}},"9":{"start":{"line":18,"column":8},"end":{"line":18,"column":59}},"10":{"start":{"line":21,"column":22},"end":{"line":21,"column":24}},"11":{"start":{"line":23,"column":4},"end":{"line":41,"column":5}},"12":{"start":{"line":24,"column":8},"end":{"line":26,"column":9}},"13":{"start":{"line":25,"column":12},"end":{"line":25,"column":74}},"14":{"start":{"line":28,"column":21},"end":{"line":28,"column":37}},"15":{"start":{"line":30,"column":8},"end":{"line":32,"column":9}},"16":{"start":{"line":31,"column":12},"end":{"line":31,"column":73}},"17":{"start":{"line":34,"column":8},"end":{"line":36,"column":9}},"18":{"start":{"line":35,"column":12},"end":{"line":35,"column":89}},"19":{"start":{"line":38,"column":8},"end":{"line":38,"column":30}},"20":{"start":{"line":39,"column":11},"end":{"line":41,"column":5}},"21":{"start":{"line":40,"column":8},"end":{"line":40,"column":65}},"22":{"start":{"line":43,"column":4},"end":{"line":49,"column":5}},"23":{"start":{"line":44,"column":8},"end":{"line":46,"column":9}},"24":{"start":{"line":45,"column":12},"end":{"line":45,"column":80}},"25":{"start":{"line":48,"column":8},"end":{"line":48,"column":45}},"26":{"start":{"line":51,"column":4},"end":{"line":51,"column":21}},"27":{"start":{"line":55,"column":4},"end":{"line":57,"column":5}},"28":{"start":{"line":56,"column":8},"end":{"line":56,"column":54}},"29":{"start":{"line":60,"column":0},"end":{"line":72,"column":3}},"30":{"start":{"line":61,"column":4},"end":{"line":71,"column":5}},"31":{"start":{"line":62,"column":24},"end":{"line":62,"column":74}},"32":{"start":{"line":63,"column":24},"end":{"line":66,"column":10}},"33":{"start":{"line":68,"column":8},"end":{"line":68,"column":45}},"34":{"start":{"line":70,"column":8},"end":{"line":70,"column":27}},"35":{"start":{"line":74,"column":0},"end":{"line":81,"column":3}},"36":{"start":{"line":75,"column":4},"end":{"line":80,"column":5}},"37":{"start":{"line":76,"column":22},"end":{"line":76,"column":70}},"38":{"start":{"line":77,"column":8},"end":{"line":77,"column":43}},"39":{"start":{"line":79,"column":8},"end":{"line":79,"column":27}},"40":{"start":{"line":83,"column":0},"end":{"line":106,"column":3}},"41":{"start":{"line":84,"column":4},"end":{"line":105,"column":5}},"42":{"start":{"line":85,"column":8},"end":{"line":85,"column":40}},"43":{"start":{"line":87,"column":24},"end":{"line":87,"column":51}},"44":{"start":{"line":89,"column":8},"end":{"line":91,"column":9}},"45":{"start":{"line":90,"column":12},"end":{"line":90,"column":86}},"46":{"start":{"line":93,"column":28},"end":{"line":96,"column":10}},"47":{"start":{"line":98,"column":8},"end":{"line":100,"column":9}},"48":{"start":{"line":99,"column":12},"end":{"line":99,"column":57}},"49":{"start":{"line":102,"column":8},"end":{"line":102,"column":49}},"50":{"start":{"line":104,"column":8},"end":{"line":104,"column":27}},"51":{"start":{"line":108,"column":0},"end":{"line":122,"column":3}},"52":{"start":{"line":109,"column":4},"end":{"line":121,"column":5}},"53":{"start":{"line":110,"column":8},"end":{"line":110,"column":40}},"54":{"start":{"line":112,"column":28},"end":{"line":112,"column":71}},"55":{"start":{"line":114,"column":8},"end":{"line":116,"column":9}},"56":{"start":{"line":115,"column":12},"end":{"line":115,"column":57}},"57":{"start":{"line":118,"column":8},"end":{"line":118,"column":78}},"58":{"start":{"line":120,"column":8},"end":{"line":120,"column":27}},"59":{"start":{"line":124,"column":0},"end":{"line":124,"column":24}},"60":{"start":{"line":125,"column":0},"end":{"line":125,"column":53}}},"fnMap":{"0":{"name":"createHttpError","decl":{"start":{"line":8,"column":9},"end":{"line":8,"column":24}},"loc":{"start":{"line":8,"column":46},"end":{"line":12,"column":1}},"line":8},"1":{"name":"sanitizeTaskInput","decl":{"start":{"line":14,"column":9},"end":{"line":14,"column":26}},"loc":{"start":{"line":14,"column":47},"end":{"line":52,"column":1}},"line":14},"2":{"name":"validateObjectId","decl":{"start":{"line":54,"column":9},"end":{"line":54,"column":25}},"loc":{"start":{"line":54,"column":30},"end":{"line":58,"column":1}},"line":54},"3":{"name":"(anonymous_3)","decl":{"start":{"line":60,"column":17},"end":{"line":60,"column":18}},"loc":{"start":{"line":60,"column":43},"end":{"line":72,"column":1}},"line":60},"4":{"name":"(anonymous_4)","decl":{"start":{"line":74,"column":16},"end":{"line":74,"column":17}},"loc":{"start":{"line":74,"column":43},"end":{"line":81,"column":1}},"line":74},"5":{"name":"(anonymous_5)","decl":{"start":{"line":83,"column":19},"end":{"line":83,"column":20}},"loc":{"start":{"line":83,"column":45},"end":{"line":106,"column":1}},"line":83},"6":{"name":"(anonymous_6)","decl":{"start":{"line":108,"column":22},"end":{"line":108,"column":23}},"loc":{"start":{"line":108,"column":48},"end":{"line":122,"column":1}},"line":108}},"branchMap":{"0":{"loc":{"start":{"line":14,"column":33},"end":{"line":14,"column":45}},"type":"default-arg","locations":[{"start":{"line":14,"column":43},"end":{"line":14,"column":45}}],"line":14},"1":{"loc":{"start":{"line":15,"column":12},"end":{"line":15,"column":31}},"type":"default-arg","locations":[{"start":{"line":15,"column":26},"end":{"line":15,"column":31}}],"line":15},"2":{"loc":{"start":{"line":17,"column":4},"end":{"line":19,"column":5}},"type":"if","locations":[{"start":{"line":17,"column":4},"end":{"line":19,"column":5}},{"start":{},"end":{}}],"line":17},"3":{"loc":{"start":{"line":17,"column":8},"end":{"line":17,"column":64}},"type":"binary-expr","locations":[{"start":{"line":17,"column":8},"end":{"line":17,"column":13}},{"start":{"line":17,"column":17},"end":{"line":17,"column":41}},{"start":{"line":17,"column":45},"end":{"line":17,"column":64}}],"line":17},"4":{"loc":{"start":{"line":23,"column":4},"end":{"line":41,"column":5}},"type":"if","locations":[{"start":{"line":23,"column":4},"end":{"line":41,"column":5}},{"start":{"line":39,"column":11},"end":{"line":41,"column":5}}],"line":23},"5":{"loc":{"start":{"line":24,"column":8},"end":{"line":26,"column":9}},"type":"if","locations":[{"start":{"line":24,"column":8},"end":{"line":26,"column":9}},{"start":{},"end":{}}],"line":24},"6":{"loc":{"start":{"line":30,"column":8},"end":{"line":32,"column":9}},"type":"if","locations":[{"start":{"line":30,"column":8},"end":{"line":32,"column":9}},{"start":{},"end":{}}],"line":30},"7":{"loc":{"start":{"line":34,"column":8},"end":{"line":36,"column":9}},"type":"if","locations":[{"start":{"line":34,"column":8},"end":{"line":36,"column":9}},{"start":{},"end":{}}],"line":34},"8":{"loc":{"start":{"line":39,"column":11},"end":{"line":41,"column":5}},"type":"if","locations":[{"start":{"line":39,"column":11},"end":{"line":41,"column":5}},{"start":{},"end":{}}],"line":39},"9":{"loc":{"start":{"line":43,"column":4},"end":{"line":49,"column":5}},"type":"if","locations":[{"start":{"line":43,"column":4},"end":{"line":49,"column":5}},{"start":{},"end":{}}],"line":43},"10":{"loc":{"start":{"line":44,"column":8},"end":{"line":46,"column":9}},"type":"if","locations":[{"start":{"line":44,"column":8},"end":{"line":46,"column":9}},{"start":{},"end":{}}],"line":44},"11":{"loc":{"start":{"line":55,"column":4},"end":{"line":57,"column":5}},"type":"if","locations":[{"start":{"line":55,"column":4},"end":{"line":57,"column":5}},{"start":{},"end":{}}],"line":55},"12":{"loc":{"start":{"line":65,"column":23},"end":{"line":65,"column":49}},"type":"binary-expr","locations":[{"start":{"line":65,"column":23},"end":{"line":65,"column":40}},{"start":{"line":65,"column":44},"end":{"line":65,"column":49}}],"line":65},"13":{"loc":{"start":{"line":89,"column":8},"end":{"line":91,"column":9}},"type":"if","locations":[{"start":{"line":89,"column":8},"end":{"line":91,"column":9}},{"start":{},"end":{}}],"line":89},"14":{"loc":{"start":{"line":98,"column":8},"end":{"line":100,"column":9}},"type":"if","locations":[{"start":{"line":98,"column":8},"end":{"line":100,"column":9}},{"start":{},"end":{}}],"line":98},"15":{"loc":{"start":{"line":114,"column":8},"end":{"line":116,"column":9}},"type":"if","locations":[{"start":{"line":114,"column":8},"end":{"line":116,"column":9}},{"start":{},"end":{}}],"line":114}},"s":{"0":1,"1":1,"2":1,"3":1,"4":3,"5":3,"6":3,"7":6,"8":6,"9":0,"10":6,"11":6,"12":3,"13":1,"14":2,"15":2,"16":1,"17":1,"18":0,"19":1,"20":3,"21":0,"22":4,"23":2,"24":1,"25":1,"26":3,"27":0,"28":0,"29":1,"30":0,"31":0,"32":0,"33":0,"34":0,"35":1,"36":0,"37":0,"38":0,"39":0,"40":1,"41":0,"42":0,"43":0,"44":0,"45":0,"46":0,"47":0,"48":0,"49":0,"50":0,"51":1,"52":0,"53":0,"54":0,"55":0,"56":0,"57":0,"58":0,"59":1,"60":1},"f":{"0":3,"1":6,"2":0,"3":0,"4":0,"5":0,"6":0},"b":{"0":[6],"1":[6],"2":[0,6],"3":[6,6,6],"4":[3,3],"5":[1,2],"6":[1,1],"7":[0,1],"8":[0,3],"9":[2,2],"10":[1,1],"11":[0,0],"12":[0,0],"13":[0,0],"14":[0,0],"15":[0,0]},"_coverageSchema":"1a1c01bbd47fc00a2c39e90264f33305004495a9","hash":"00f83d17afb3c1610b8808c4304751d72dbf314b"}
}
