TN:
SF:models\task.js
FNF:0
FNH:0
DA:1,1
DA:3,1
DA:5,1
DA:25,1
LF:4
LH:4
BRF:0
BRH:0
end_of_record
TN:
SF:routes\courses.js
FN:8,createHttpError
FN:14,sanitizeTaskInput
FN:54,validateObjectId
FN:60,(anonymous_3)
FN:74,(anonymous_4)
FN:83,(anonymous_5)
FN:108,(anonymous_6)
FNF:7
FNH:2
FNDA:3,createHttpError
FNDA:6,sanitizeTaskInput
FNDA:0,validateObjectId
FNDA:0,(anonymous_3)
FNDA:0,(anonymous_4)
FNDA:0,(anonymous_5)
FNDA:0,(anonymous_6)
DA:1,1
DA:2,1
DA:4,1
DA:6,1
DA:9,3
DA:10,3
DA:11,3
DA:15,6
DA:17,6
DA:18,0
DA:21,6
DA:23,6
DA:24,3
DA:25,1
DA:28,2
DA:30,2
DA:31,1
DA:34,1
DA:35,0
DA:38,1
DA:39,3
DA:40,0
DA:43,4
DA:44,2
DA:45,1
DA:48,1
DA:51,3
DA:55,0
DA:56,0
DA:60,1
DA:61,0
DA:62,0
DA:63,0
DA:68,0
DA:70,0
DA:74,1
DA:75,0
DA:76,0
DA:77,0
DA:79,0
DA:83,1
DA:84,0
DA:85,0
DA:87,0
DA:89,0
DA:90,0
DA:93,0
DA:98,0
DA:99,0
DA:102,0
DA:104,0
DA:108,1
DA:109,0
DA:110,0
DA:112,0
DA:114,0
DA:115,0
DA:118,0
DA:120,0
DA:124,1
DA:125,1
LF:61
LH:30
BRDA:14,0,0,6
BRDA:15,1,0,6
BRDA:17,2,0,0
BRDA:17,2,1,6
BRDA:17,3,0,6
BRDA:17,3,1,6
BRDA:17,3,2,6
BRDA:23,4,0,3
BRDA:23,4,1,3
BRDA:24,5,0,1
BRDA:24,5,1,2
BRDA:30,6,0,1
BRDA:30,6,1,1
BRDA:34,7,0,0
BRDA:34,7,1,1
BRDA:39,8,0,0
BRDA:39,8,1,3
BRDA:43,9,0,2
BRDA:43,9,1,2
BRDA:44,10,0,1
BRDA:44,10,1,1
BRDA:55,11,0,0
BRDA:55,11,1,0
BRDA:65,12,0,0
BRDA:65,12,1,0
BRDA:89,13,0,0
BRDA:89,13,1,0
BRDA:98,14,0,0
BRDA:98,14,1,0
BRDA:114,15,0,0
BRDA:114,15,1,0
BRF:31
BRH:18
end_of_record
