TN:
SF:models\task.js
FNF:0
FNH:0
DA:1,1
DA:2,1
DA:4,1
DA:15,1
LF:4
LH:4
BRF:0
BRH:0
end_of_record
TN:
SF:routes\courses.js
FN:8,sanitizeTaskInput
FN:37,(anonymous_1)
FN:58,(anonymous_2)
FN:70,(anonymous_3)
FN:100,(anonymous_4)
FNF:5
FNH:1
FNDA:6,sanitizeTaskInput
FNDA:0,(anonymous_1)
FNDA:0,(anonymous_2)
FNDA:0,(anonymous_3)
FNDA:0,(anonymous_4)
DA:1,1
DA:2,1
DA:3,1
DA:9,6
DA:10,0
DA:13,6
DA:16,6
DA:17,3
DA:18,2
DA:20,1
DA:24,4
DA:25,2
DA:26,1
DA:28,1
DA:31,3
DA:37,1
DA:38,0
DA:40,0
DA:43,0
DA:48,0
DA:49,0
DA:51,0
DA:58,1
DA:59,0
DA:60,0
DA:61,0
DA:63,0
DA:70,1
DA:71,0
DA:72,0
DA:74,0
DA:75,0
DA:79,0
DA:82,0
DA:83,0
DA:86,0
DA:87,0
DA:90,0
DA:91,0
DA:93,0
DA:100,1
DA:101,0
DA:102,0
DA:104,0
DA:105,0
DA:108,0
DA:110,0
DA:114,1
DA:115,1
LF:49
LH:20
BRDA:9,0,0,0
BRDA:9,0,1,6
BRDA:9,1,0,6
BRDA:9,1,1,6
BRDA:16,2,0,3
BRDA:16,2,1,3
BRDA:17,3,0,2
BRDA:17,3,1,1
BRDA:17,4,0,3
BRDA:17,4,1,2
BRDA:24,5,0,2
BRDA:24,5,1,2
BRDA:25,6,0,1
BRDA:25,6,1,1
BRDA:44,7,0,0
BRDA:44,7,1,0
BRDA:45,8,0,0
BRDA:45,8,1,0
BRDA:74,9,0,0
BRDA:74,9,1,0
BRDA:82,10,0,0
BRDA:82,10,1,0
BRDA:82,11,0,0
BRDA:82,11,1,0
BRDA:86,12,0,0
BRDA:86,12,1,0
BRDA:104,13,0,0
BRDA:104,13,1,0
BRF:28
BRH:13
end_of_record
